<?xml version="1.0" encoding="UTF-8"?>
<!-- Generated by org.testng.reporters.JUnitReportReporter -->
<testsuite skipped="0" hostname="KESHAV" name="testNG.TestCase1" tests="2" failures="0" timestamp="2021-08-19T22:35:13 IST" time="0.009" errors="0">
  <testcase name="m2" time="0.003" classname="testNG.TestCase1"/>
  <system-out/>
  <testcase name="m1" time="0.006" classname="testNG.TestCase1"/>
  <system-out/>
</testsuite> <!-- testNG.TestCase1 -->
