<?xml version="1.0" encoding="UTF-8"?>
<!-- Generated by org.testng.reporters.JUnitReportReporter -->
<testsuite skipped="0" hostname="KESHAV" name="testNG.TestCase2" tests="2" failures="0" timestamp="2021-08-19T22:35:13 IST" time="0.013" errors="0">
  <testcase name="m4" time="0.006" classname="testNG.TestCase2"/>
  <system-out/>
  <testcase name="m3" time="0.007" classname="testNG.TestCase2"/>
  <system-out/>
</testsuite> <!-- testNG.TestCase2 -->
