<?xml version="1.0" encoding="UTF-8"?>
<!-- Generated by org.testng.reporters.JUnitReportReporter -->
<testsuite skipped="0" hostname="KESHAV" name="testNG.TestCase3" tests="2" failures="0" timestamp="2021-08-20T14:58:16 IST" time="0.009" errors="0">
  <testcase name="m5" time="0.000" classname="testNG.TestCase3"/>
  <system-out/>
  <testcase name="m6" time="0.009" classname="testNG.TestCase3"/>
  <system-out/>
</testsuite> <!-- testNG.TestCase3 -->
