<?xml version="1.0" encoding="UTF-8"?>
<!-- Generated by org.testng.reporters.JUnitReportReporter -->
<testsuite skipped="0" hostname="KESHAV" name="testNG.TestCase1" tests="2" failures="0" timestamp="2021-08-20T14:58:16 IST" time="0.003" errors="0">
  <testcase name="m2" time="0.001" classname="testNG.TestCase1"/>
  <system-out/>
  <testcase name="m1" time="0.002" classname="testNG.TestCase1"/>
  <system-out/>
</testsuite> <!-- testNG.TestCase1 -->
